{"__type":"$$EventMessageAudit","id":"690b95b3-da0e-45f7-99ea-4a5fa8c73f26","ts":"2025-07-07T18:35:36.501+00:00","eventName":"n8n.audit.workflow.created","message":"n8n.audit.workflow.created","payload":{"userId":"acee4901-85d3-4ab4-a34a-cd8d04ad1d28","_email":"ferreira.vinicius11@gmail.com","_firstName":"VINICIUS","_lastName":"FERREIRA","globalRole":"global:owner","workflowId":"j83oSefi0roPqLUE","workflowName":"My workflow"}}
{"__type":"$$EventMessageConfirm","confirm":"690b95b3-da0e-45f7-99ea-4a5fa8c73f26","ts":"2025-07-07T18:35:36.532+00:00","source":{"id":"0","name":"eventBus"}}
{"__type":"$$EventMessageWorkflow","id":"7002a18a-35e8-48e7-ae68-f5e28c2db5fb","ts":"2025-07-07T18:37:25.419+00:00","eventName":"n8n.workflow.started","message":"n8n.workflow.started","payload":{"executionId":"1","workflowId":"j83oSefi0roPqLUE","isManual":false,"workflowName":"My workflow"}}
{"__type":"$$EventMessageConfirm","confirm":"7002a18a-35e8-48e7-ae68-f5e28c2db5fb","ts":"2025-07-07T18:37:25.419+00:00","source":{"id":"0","name":"eventBus"}}
{"__type":"$$EventMessageNode","id":"16d63434-56e1-4e8f-91a8-3d26a46e74c5","ts":"2025-07-07T18:37:25.421+00:00","eventName":"n8n.node.started","message":"n8n.node.started","payload":{"workflowId":"j83oSefi0roPqLUE","workflowName":"My workflow","executionId":"1","nodeType":"n8n-nodes-base.readBinaryFile","nodeName":"Read Binary File","nodeId":"9da069b9-918b-41d2-bad1-79d53feb7178"}}
{"__type":"$$EventMessageConfirm","confirm":"16d63434-56e1-4e8f-91a8-3d26a46e74c5","ts":"2025-07-07T18:37:25.421+00:00","source":{"id":"0","name":"eventBus"}}
{"__type":"$$EventMessageNode","id":"933d40fa-5d84-4dd4-b800-fe7b680aff4d","ts":"2025-07-07T18:37:25.446+00:00","eventName":"n8n.node.finished","message":"n8n.node.finished","payload":{"workflowId":"j83oSefi0roPqLUE","workflowName":"My workflow","executionId":"1","nodeType":"n8n-nodes-base.readBinaryFile","nodeName":"Read Binary File","nodeId":"9da069b9-918b-41d2-bad1-79d53feb7178"}}
{"__type":"$$EventMessageConfirm","confirm":"933d40fa-5d84-4dd4-b800-fe7b680aff4d","ts":"2025-07-07T18:37:25.446+00:00","source":{"id":"0","name":"eventBus"}}
{"__type":"$$EventMessageWorkflow","id":"a6cb156b-1b15-49a5-842e-d88936d9279a","ts":"2025-07-07T18:37:25.449+00:00","eventName":"n8n.workflow.failed","message":"n8n.workflow.failed","payload":{"userId":"acee4901-85d3-4ab4-a34a-cd8d04ad1d28","executionId":"1","success":false,"isManual":true,"workflowId":"j83oSefi0roPqLUE","workflowName":"My workflow","lastNodeExecuted":"Read Binary File","errorNodeType":"n8n-nodes-base.readBinaryFile","errorMessage":"The file \"/home/node/.n8n/dados_simulados.csv\" could not be accessed."}}
{"__type":"$$EventMessageConfirm","confirm":"a6cb156b-1b15-49a5-842e-d88936d9279a","ts":"2025-07-07T18:37:25.449+00:00","source":{"id":"0","name":"eventBus"}}
{"__type":"$$EventMessageWorkflow","id":"7fb355b2-5396-49b0-be0e-3290831edfcb","ts":"2025-07-07T18:39:10.029+00:00","eventName":"n8n.workflow.started","message":"n8n.workflow.started","payload":{"executionId":"2","workflowId":"j83oSefi0roPqLUE","isManual":false,"workflowName":"My workflow"}}
{"__type":"$$EventMessageConfirm","confirm":"7fb355b2-5396-49b0-be0e-3290831edfcb","ts":"2025-07-07T18:39:10.029+00:00","source":{"id":"0","name":"eventBus"}}
{"__type":"$$EventMessageNode","id":"ad7e26c4-81db-47e9-b27d-32647dfb2bbf","ts":"2025-07-07T18:39:10.030+00:00","eventName":"n8n.node.started","message":"n8n.node.started","payload":{"workflowId":"j83oSefi0roPqLUE","workflowName":"My workflow","executionId":"2","nodeType":"n8n-nodes-base.readBinaryFile","nodeName":"Read Binary File","nodeId":"9da069b9-918b-41d2-bad1-79d53feb7178"}}
{"__type":"$$EventMessageConfirm","confirm":"ad7e26c4-81db-47e9-b27d-32647dfb2bbf","ts":"2025-07-07T18:39:10.030+00:00","source":{"id":"0","name":"eventBus"}}
{"__type":"$$EventMessageNode","id":"10dc6095-9ae3-4469-a498-fa9d9c78c533","ts":"2025-07-07T18:39:10.053+00:00","eventName":"n8n.node.finished","message":"n8n.node.finished","payload":{"workflowId":"j83oSefi0roPqLUE","workflowName":"My workflow","executionId":"2","nodeType":"n8n-nodes-base.readBinaryFile","nodeName":"Read Binary File","nodeId":"9da069b9-918b-41d2-bad1-79d53feb7178"}}
{"__type":"$$EventMessageConfirm","confirm":"10dc6095-9ae3-4469-a498-fa9d9c78c533","ts":"2025-07-07T18:39:10.053+00:00","source":{"id":"0","name":"eventBus"}}
{"__type":"$$EventMessageWorkflow","id":"7562ce09-32bb-421b-8d22-27b64ed2255a","ts":"2025-07-07T18:39:10.055+00:00","eventName":"n8n.workflow.failed","message":"n8n.workflow.failed","payload":{"userId":"acee4901-85d3-4ab4-a34a-cd8d04ad1d28","executionId":"2","success":false,"isManual":true,"workflowId":"j83oSefi0roPqLUE","workflowName":"My workflow","lastNodeExecuted":"Read Binary File","errorNodeType":"n8n-nodes-base.readBinaryFile","errorMessage":"Access to the file is not allowed."}}
{"__type":"$$EventMessageConfirm","confirm":"7562ce09-32bb-421b-8d22-27b64ed2255a","ts":"2025-07-07T18:39:10.056+00:00","source":{"id":"0","name":"eventBus"}}
{"__type":"$$EventMessageWorkflow","id":"6f1a9ed9-0d9f-45e2-a2ac-e8c5141b58e4","ts":"2025-07-07T18:43:11.507+00:00","eventName":"n8n.workflow.started","message":"n8n.workflow.started","payload":{"executionId":"3","workflowId":"j83oSefi0roPqLUE","isManual":false,"workflowName":"My workflow"}}
{"__type":"$$EventMessageConfirm","confirm":"6f1a9ed9-0d9f-45e2-a2ac-e8c5141b58e4","ts":"2025-07-07T18:43:11.507+00:00","source":{"id":"0","name":"eventBus"}}
{"__type":"$$EventMessageNode","id":"3376388f-e676-4df4-86f1-8bd18fd73acb","ts":"2025-07-07T18:43:11.508+00:00","eventName":"n8n.node.started","message":"n8n.node.started","payload":{"workflowId":"j83oSefi0roPqLUE","workflowName":"My workflow","executionId":"3","nodeType":"n8n-nodes-base.readBinaryFile","nodeName":"Read Binary File","nodeId":"9da069b9-918b-41d2-bad1-79d53feb7178"}}
{"__type":"$$EventMessageConfirm","confirm":"3376388f-e676-4df4-86f1-8bd18fd73acb","ts":"2025-07-07T18:43:11.508+00:00","source":{"id":"0","name":"eventBus"}}
{"__type":"$$EventMessageNode","id":"bbdf6b3d-d477-4ae6-b505-b0df0f84c5f6","ts":"2025-07-07T18:43:11.511+00:00","eventName":"n8n.node.finished","message":"n8n.node.finished","payload":{"workflowId":"j83oSefi0roPqLUE","workflowName":"My workflow","executionId":"3","nodeType":"n8n-nodes-base.readBinaryFile","nodeName":"Read Binary File","nodeId":"9da069b9-918b-41d2-bad1-79d53feb7178"}}
{"__type":"$$EventMessageConfirm","confirm":"bbdf6b3d-d477-4ae6-b505-b0df0f84c5f6","ts":"2025-07-07T18:43:11.511+00:00","source":{"id":"0","name":"eventBus"}}
{"__type":"$$EventMessageWorkflow","id":"d9236f15-110c-4f6f-bb20-b6633cf9f4c3","ts":"2025-07-07T18:43:11.513+00:00","eventName":"n8n.workflow.failed","message":"n8n.workflow.failed","payload":{"userId":"acee4901-85d3-4ab4-a34a-cd8d04ad1d28","executionId":"3","success":false,"isManual":true,"workflowId":"j83oSefi0roPqLUE","workflowName":"My workflow","lastNodeExecuted":"Read Binary File","errorNodeType":"n8n-nodes-base.readBinaryFile","errorMessage":"Access to the file is not allowed."}}
{"__type":"$$EventMessageConfirm","confirm":"d9236f15-110c-4f6f-bb20-b6633cf9f4c3","ts":"2025-07-07T18:43:11.513+00:00","source":{"id":"0","name":"eventBus"}}
