{"__type":"$$EventMessageAudit","id":"9f2faf66-60f3-4509-af4f-e9733b7282fe","ts":"2025-07-07T18:48:06.772+00:00","eventName":"n8n.audit.workflow.created","message":"n8n.audit.workflow.created","payload":{"userId":"acee4901-85d3-4ab4-a34a-cd8d04ad1d28","_email":"ferreira.vinicius11@gmail.com","_firstName":"VINICIUS","_lastName":"FERREIRA","globalRole":"global:owner","workflowId":"fLbc0bwOhJYKd8L4","workflowName":"My workflow 2"}}
{"__type":"$$EventMessageConfirm","confirm":"9f2faf66-60f3-4509-af4f-e9733b7282fe","ts":"2025-07-07T18:48:06.773+00:00","source":{"id":"0","name":"eventBus"}}
{"__type":"$$EventMessageWorkflow","id":"69e71d17-60a3-4d54-ad7c-aa6630e5aa5b","ts":"2025-07-07T18:48:08.147+00:00","eventName":"n8n.workflow.started","message":"n8n.workflow.started","payload":{"executionId":"5","workflowId":"fLbc0bwOhJYKd8L4","isManual":false,"workflowName":"My workflow 2"}}
{"__type":"$$EventMessageConfirm","confirm":"69e71d17-60a3-4d54-ad7c-aa6630e5aa5b","ts":"2025-07-07T18:48:08.148+00:00","source":{"id":"0","name":"eventBus"}}
{"__type":"$$EventMessageNode","id":"786a6864-b0b8-4b0d-a36c-2cbba3dd646b","ts":"2025-07-07T18:48:08.149+00:00","eventName":"n8n.node.started","message":"n8n.node.started","payload":{"workflowId":"fLbc0bwOhJYKd8L4","workflowName":"My workflow 2","executionId":"5","nodeType":"n8n-nodes-base.manualTrigger","nodeName":"When clicking ‘Execute workflow’","nodeId":"84f82caa-e7cd-4f38-81df-6eea281038ff"}}
{"__type":"$$EventMessageConfirm","confirm":"786a6864-b0b8-4b0d-a36c-2cbba3dd646b","ts":"2025-07-07T18:48:08.149+00:00","source":{"id":"0","name":"eventBus"}}
{"__type":"$$EventMessageNode","id":"371b9b08-e684-43cb-9371-cc26ecdb088a","ts":"2025-07-07T18:48:08.155+00:00","eventName":"n8n.node.finished","message":"n8n.node.finished","payload":{"workflowId":"fLbc0bwOhJYKd8L4","workflowName":"My workflow 2","executionId":"5","nodeType":"n8n-nodes-base.manualTrigger","nodeName":"When clicking ‘Execute workflow’","nodeId":"84f82caa-e7cd-4f38-81df-6eea281038ff"}}
{"__type":"$$EventMessageConfirm","confirm":"371b9b08-e684-43cb-9371-cc26ecdb088a","ts":"2025-07-07T18:48:08.155+00:00","source":{"id":"0","name":"eventBus"}}
{"__type":"$$EventMessageNode","id":"e23386f6-5d2e-41ee-8772-6f471bb11a5d","ts":"2025-07-07T18:48:08.156+00:00","eventName":"n8n.node.started","message":"n8n.node.started","payload":{"workflowId":"fLbc0bwOhJYKd8L4","workflowName":"My workflow 2","executionId":"5","nodeType":"n8n-nodes-base.extractFromFile","nodeName":"Extract from File","nodeId":"41567005-d358-4870-a624-63a9a5e9ded7"}}
{"__type":"$$EventMessageConfirm","confirm":"e23386f6-5d2e-41ee-8772-6f471bb11a5d","ts":"2025-07-07T18:48:08.156+00:00","source":{"id":"0","name":"eventBus"}}
{"__type":"$$EventMessageNode","id":"32a97087-565a-4270-9286-54792f97c337","ts":"2025-07-07T18:48:08.200+00:00","eventName":"n8n.node.finished","message":"n8n.node.finished","payload":{"workflowId":"fLbc0bwOhJYKd8L4","workflowName":"My workflow 2","executionId":"5","nodeType":"n8n-nodes-base.extractFromFile","nodeName":"Extract from File","nodeId":"41567005-d358-4870-a624-63a9a5e9ded7"}}
{"__type":"$$EventMessageConfirm","confirm":"32a97087-565a-4270-9286-54792f97c337","ts":"2025-07-07T18:48:08.200+00:00","source":{"id":"0","name":"eventBus"}}
{"__type":"$$EventMessageWorkflow","id":"b4fbfa5e-3c52-4760-858f-15174f103df9","ts":"2025-07-07T18:48:08.207+00:00","eventName":"n8n.workflow.failed","message":"n8n.workflow.failed","payload":{"userId":"acee4901-85d3-4ab4-a34a-cd8d04ad1d28","executionId":"5","success":false,"isManual":true,"workflowId":"fLbc0bwOhJYKd8L4","workflowName":"My workflow 2","lastNodeExecuted":"Extract from File","errorNodeType":"n8n-nodes-base.extractFromFile","errorMessage":"This operation expects the node's input data to contain a binary file 'data', but none was found [item 0]"}}
{"__type":"$$EventMessageConfirm","confirm":"b4fbfa5e-3c52-4760-858f-15174f103df9","ts":"2025-07-07T18:48:08.207+00:00","source":{"id":"0","name":"eventBus"}}
{"__type":"$$EventMessageWorkflow","id":"5865984c-f8e1-4b63-8ea2-0d7437a8c263","ts":"2025-07-07T18:48:30.258+00:00","eventName":"n8n.workflow.started","message":"n8n.workflow.started","payload":{"executionId":"6","workflowId":"fLbc0bwOhJYKd8L4","isManual":false,"workflowName":"My workflow 2"}}
{"__type":"$$EventMessageConfirm","confirm":"5865984c-f8e1-4b63-8ea2-0d7437a8c263","ts":"2025-07-07T18:48:30.258+00:00","source":{"id":"0","name":"eventBus"}}
{"__type":"$$EventMessageNode","id":"52b1e37c-27b7-431e-a2e9-d5986f7cf58e","ts":"2025-07-07T18:48:30.258+00:00","eventName":"n8n.node.started","message":"n8n.node.started","payload":{"workflowId":"fLbc0bwOhJYKd8L4","workflowName":"My workflow 2","executionId":"6","nodeType":"n8n-nodes-base.extractFromFile","nodeName":"Extract from File","nodeId":"41567005-d358-4870-a624-63a9a5e9ded7"}}
{"__type":"$$EventMessageConfirm","confirm":"52b1e37c-27b7-431e-a2e9-d5986f7cf58e","ts":"2025-07-07T18:48:30.258+00:00","source":{"id":"0","name":"eventBus"}}
{"__type":"$$EventMessageNode","id":"3b751537-07ae-4ca2-8a3e-a9ab26bb633f","ts":"2025-07-07T18:48:30.262+00:00","eventName":"n8n.node.finished","message":"n8n.node.finished","payload":{"workflowId":"fLbc0bwOhJYKd8L4","workflowName":"My workflow 2","executionId":"6","nodeType":"n8n-nodes-base.extractFromFile","nodeName":"Extract from File","nodeId":"41567005-d358-4870-a624-63a9a5e9ded7"}}
{"__type":"$$EventMessageConfirm","confirm":"3b751537-07ae-4ca2-8a3e-a9ab26bb633f","ts":"2025-07-07T18:48:30.262+00:00","source":{"id":"0","name":"eventBus"}}
{"__type":"$$EventMessageWorkflow","id":"e2500268-9973-4d87-aa57-d7ce6356f33f","ts":"2025-07-07T18:48:30.264+00:00","eventName":"n8n.workflow.failed","message":"n8n.workflow.failed","payload":{"userId":"acee4901-85d3-4ab4-a34a-cd8d04ad1d28","executionId":"6","success":false,"isManual":true,"workflowId":"fLbc0bwOhJYKd8L4","workflowName":"My workflow 2","lastNodeExecuted":"Extract from File","errorNodeType":"n8n-nodes-base.extractFromFile","errorMessage":"This operation expects the node's input data to contain a binary file 'dados_processados.csv', but none was found [item 0]"}}
{"__type":"$$EventMessageConfirm","confirm":"e2500268-9973-4d87-aa57-d7ce6356f33f","ts":"2025-07-07T18:48:30.264+00:00","source":{"id":"0","name":"eventBus"}}
{"__type":"$$EventMessageWorkflow","id":"8b486116-cee2-49f3-a031-b7d5d57526cd","ts":"2025-07-07T18:48:42.583+00:00","eventName":"n8n.workflow.started","message":"n8n.workflow.started","payload":{"executionId":"7","workflowId":"fLbc0bwOhJYKd8L4","isManual":false,"workflowName":"My workflow 2"}}
{"__type":"$$EventMessageConfirm","confirm":"8b486116-cee2-49f3-a031-b7d5d57526cd","ts":"2025-07-07T18:48:42.584+00:00","source":{"id":"0","name":"eventBus"}}
{"__type":"$$EventMessageNode","id":"3f0e5321-fe85-4338-908e-a6136411e70f","ts":"2025-07-07T18:48:42.584+00:00","eventName":"n8n.node.started","message":"n8n.node.started","payload":{"workflowId":"fLbc0bwOhJYKd8L4","workflowName":"My workflow 2","executionId":"7","nodeType":"n8n-nodes-base.extractFromFile","nodeName":"Extract from File","nodeId":"41567005-d358-4870-a624-63a9a5e9ded7"}}
{"__type":"$$EventMessageConfirm","confirm":"3f0e5321-fe85-4338-908e-a6136411e70f","ts":"2025-07-07T18:48:42.584+00:00","source":{"id":"0","name":"eventBus"}}
{"__type":"$$EventMessageNode","id":"c2918f62-7603-4098-a0d8-1147b8a17a17","ts":"2025-07-07T18:48:42.586+00:00","eventName":"n8n.node.finished","message":"n8n.node.finished","payload":{"workflowId":"fLbc0bwOhJYKd8L4","workflowName":"My workflow 2","executionId":"7","nodeType":"n8n-nodes-base.extractFromFile","nodeName":"Extract from File","nodeId":"41567005-d358-4870-a624-63a9a5e9ded7"}}
{"__type":"$$EventMessageConfirm","confirm":"c2918f62-7603-4098-a0d8-1147b8a17a17","ts":"2025-07-07T18:48:42.586+00:00","source":{"id":"0","name":"eventBus"}}
{"__type":"$$EventMessageWorkflow","id":"f8fd3d04-ec58-4d28-bcc2-51dc2ade3b2a","ts":"2025-07-07T18:48:42.588+00:00","eventName":"n8n.workflow.failed","message":"n8n.workflow.failed","payload":{"userId":"acee4901-85d3-4ab4-a34a-cd8d04ad1d28","executionId":"7","success":false,"isManual":true,"workflowId":"fLbc0bwOhJYKd8L4","workflowName":"My workflow 2","lastNodeExecuted":"Extract from File","errorNodeType":"n8n-nodes-base.extractFromFile","errorMessage":"This operation expects the node's input data to contain a binary file 'produtos_simulados.csv', but none was found [item 0]"}}
{"__type":"$$EventMessageConfirm","confirm":"f8fd3d04-ec58-4d28-bcc2-51dc2ade3b2a","ts":"2025-07-07T18:48:42.588+00:00","source":{"id":"0","name":"eventBus"}}
{"__type":"$$EventMessageWorkflow","id":"c60cbcbb-49df-4d5f-9496-3b3493bbbffc","ts":"2025-07-07T18:49:58.750+00:00","eventName":"n8n.workflow.started","message":"n8n.workflow.started","payload":{"executionId":"8","workflowId":"fLbc0bwOhJYKd8L4","isManual":false,"workflowName":"My workflow 2"}}
{"__type":"$$EventMessageConfirm","confirm":"c60cbcbb-49df-4d5f-9496-3b3493bbbffc","ts":"2025-07-07T18:49:58.750+00:00","source":{"id":"0","name":"eventBus"}}
{"__type":"$$EventMessageNode","id":"25850c99-db72-43e4-9efe-8dddc3d18eb7","ts":"2025-07-07T18:49:58.751+00:00","eventName":"n8n.node.started","message":"n8n.node.started","payload":{"workflowId":"fLbc0bwOhJYKd8L4","workflowName":"My workflow 2","executionId":"8","nodeType":"n8n-nodes-base.extractFromFile","nodeName":"Extract from File","nodeId":"41567005-d358-4870-a624-63a9a5e9ded7"}}
{"__type":"$$EventMessageConfirm","confirm":"25850c99-db72-43e4-9efe-8dddc3d18eb7","ts":"2025-07-07T18:49:58.751+00:00","source":{"id":"0","name":"eventBus"}}
{"__type":"$$EventMessageNode","id":"95721acb-8d5c-49ac-8625-8a10625b124c","ts":"2025-07-07T18:49:58.753+00:00","eventName":"n8n.node.finished","message":"n8n.node.finished","payload":{"workflowId":"fLbc0bwOhJYKd8L4","workflowName":"My workflow 2","executionId":"8","nodeType":"n8n-nodes-base.extractFromFile","nodeName":"Extract from File","nodeId":"41567005-d358-4870-a624-63a9a5e9ded7"}}
{"__type":"$$EventMessageConfirm","confirm":"95721acb-8d5c-49ac-8625-8a10625b124c","ts":"2025-07-07T18:49:58.753+00:00","source":{"id":"0","name":"eventBus"}}
{"__type":"$$EventMessageWorkflow","id":"fd9159bf-e647-46ff-984f-e1ef6ed30f77","ts":"2025-07-07T18:49:58.755+00:00","eventName":"n8n.workflow.failed","message":"n8n.workflow.failed","payload":{"userId":"acee4901-85d3-4ab4-a34a-cd8d04ad1d28","executionId":"8","success":false,"isManual":true,"workflowId":"fLbc0bwOhJYKd8L4","workflowName":"My workflow 2","lastNodeExecuted":"Extract from File","errorNodeType":"n8n-nodes-base.extractFromFile","errorMessage":"This operation expects the node's input data to contain a binary file 'produtos_simulados.csv', but none was found [item 0]"}}
{"__type":"$$EventMessageConfirm","confirm":"fd9159bf-e647-46ff-984f-e1ef6ed30f77","ts":"2025-07-07T18:49:58.755+00:00","source":{"id":"0","name":"eventBus"}}
{"__type":"$$EventMessageWorkflow","id":"9731b208-8863-4a49-801c-625783d2ae47","ts":"2025-07-07T18:51:59.954+00:00","eventName":"n8n.workflow.started","message":"n8n.workflow.started","payload":{"executionId":"9","workflowId":"fLbc0bwOhJYKd8L4","isManual":false,"workflowName":"My workflow 2"}}
{"__type":"$$EventMessageConfirm","confirm":"9731b208-8863-4a49-801c-625783d2ae47","ts":"2025-07-07T18:51:59.954+00:00","source":{"id":"0","name":"eventBus"}}
{"__type":"$$EventMessageNode","id":"c884d066-8374-488c-ba22-502e8576d153","ts":"2025-07-07T18:51:59.954+00:00","eventName":"n8n.node.started","message":"n8n.node.started","payload":{"workflowId":"fLbc0bwOhJYKd8L4","workflowName":"My workflow 2","executionId":"9","nodeType":"n8n-nodes-base.extractFromFile","nodeName":"Extract from File","nodeId":"41567005-d358-4870-a624-63a9a5e9ded7"}}
{"__type":"$$EventMessageConfirm","confirm":"c884d066-8374-488c-ba22-502e8576d153","ts":"2025-07-07T18:51:59.954+00:00","source":{"id":"0","name":"eventBus"}}
{"__type":"$$EventMessageNode","id":"827ba263-4e5b-4ab8-a943-4d93fb6ac88e","ts":"2025-07-07T18:51:59.957+00:00","eventName":"n8n.node.finished","message":"n8n.node.finished","payload":{"workflowId":"fLbc0bwOhJYKd8L4","workflowName":"My workflow 2","executionId":"9","nodeType":"n8n-nodes-base.extractFromFile","nodeName":"Extract from File","nodeId":"41567005-d358-4870-a624-63a9a5e9ded7"}}
{"__type":"$$EventMessageConfirm","confirm":"827ba263-4e5b-4ab8-a943-4d93fb6ac88e","ts":"2025-07-07T18:51:59.957+00:00","source":{"id":"0","name":"eventBus"}}
{"__type":"$$EventMessageWorkflow","id":"dad0dcb4-c122-48ac-808d-554160863084","ts":"2025-07-07T18:51:59.961+00:00","eventName":"n8n.workflow.failed","message":"n8n.workflow.failed","payload":{"userId":"acee4901-85d3-4ab4-a34a-cd8d04ad1d28","executionId":"9","success":false,"isManual":true,"workflowId":"fLbc0bwOhJYKd8L4","workflowName":"My workflow 2","lastNodeExecuted":"Extract from File","errorNodeType":"n8n-nodes-base.extractFromFile","errorMessage":"This operation expects the node's input data to contain a binary file 'data', but none was found [item 0]"}}
{"__type":"$$EventMessageConfirm","confirm":"dad0dcb4-c122-48ac-808d-554160863084","ts":"2025-07-07T18:51:59.961+00:00","source":{"id":"0","name":"eventBus"}}
{"__type":"$$EventMessageWorkflow","id":"24303433-2b3a-4cbe-b5e8-6f7e8c0cbf41","ts":"2025-07-07T18:59:09.910+00:00","eventName":"n8n.workflow.started","message":"n8n.workflow.started","payload":{"executionId":"10","workflowId":"fLbc0bwOhJYKd8L4","isManual":false,"workflowName":"My workflow 2"}}
{"__type":"$$EventMessageConfirm","confirm":"24303433-2b3a-4cbe-b5e8-6f7e8c0cbf41","ts":"2025-07-07T18:59:09.910+00:00","source":{"id":"0","name":"eventBus"}}
{"__type":"$$EventMessageNode","id":"c6549bf1-eae4-42cf-8020-1a0c55222bf2","ts":"2025-07-07T18:59:09.911+00:00","eventName":"n8n.node.started","message":"n8n.node.started","payload":{"workflowId":"fLbc0bwOhJYKd8L4","workflowName":"My workflow 2","executionId":"10","nodeType":"n8n-nodes-base.manualTrigger","nodeName":"When clicking ‘Execute workflow’","nodeId":"84f82caa-e7cd-4f38-81df-6eea281038ff"}}
{"__type":"$$EventMessageConfirm","confirm":"c6549bf1-eae4-42cf-8020-1a0c55222bf2","ts":"2025-07-07T18:59:09.911+00:00","source":{"id":"0","name":"eventBus"}}
{"__type":"$$EventMessageNode","id":"1f76e162-ff85-49bc-aea6-ba263c8d696b","ts":"2025-07-07T18:59:09.912+00:00","eventName":"n8n.node.finished","message":"n8n.node.finished","payload":{"workflowId":"fLbc0bwOhJYKd8L4","workflowName":"My workflow 2","executionId":"10","nodeType":"n8n-nodes-base.manualTrigger","nodeName":"When clicking ‘Execute workflow’","nodeId":"84f82caa-e7cd-4f38-81df-6eea281038ff"}}
{"__type":"$$EventMessageConfirm","confirm":"1f76e162-ff85-49bc-aea6-ba263c8d696b","ts":"2025-07-07T18:59:09.912+00:00","source":{"id":"0","name":"eventBus"}}
{"__type":"$$EventMessageWorkflow","id":"7a3eb5c4-83bd-4b1a-9e8f-a9ba68251a30","ts":"2025-07-07T18:59:09.913+00:00","eventName":"n8n.workflow.success","message":"n8n.workflow.success","payload":{"userId":"acee4901-85d3-4ab4-a34a-cd8d04ad1d28","executionId":"10","success":true,"isManual":true,"workflowId":"fLbc0bwOhJYKd8L4","workflowName":"My workflow 2"}}
{"__type":"$$EventMessageConfirm","confirm":"7a3eb5c4-83bd-4b1a-9e8f-a9ba68251a30","ts":"2025-07-07T18:59:09.913+00:00","source":{"id":"0","name":"eventBus"}}
